Analysis & Synthesis report for main
Tue May 07 15:49:23 2019
Quartus II Version 9.1 Build 222 10/21/2009 SJ Web Edition


---------------------
; Table of Contents ;
---------------------
  1. Legal Notice
  2. Analysis & Synthesis Summary
  3. Analysis & Synthesis Settings
  4. Parallel Compilation
  5. Analysis & Synthesis Source Files Read
  6. Analysis & Synthesis Resource Usage Summary
  7. Analysis & Synthesis Resource Utilization by Entity
  8. General Register Statistics
  9. Multiplexer Restructuring Statistics (Restructuring Performed)
 10. Parameter Settings for User Entity Instance: lpm_bustri0:inst21|lpm_bustri:lpm_bustri_component
 11. Parameter Settings for User Entity Instance: lpm_mux5:inst20|LPM_MUX:lpm_mux_component
 12. Parameter Settings for User Entity Instance: lpm_dff0:inst|lpm_ff:lpm_ff_component
 13. Parameter Settings for User Entity Instance: lpm_decode4:inst19|lpm_decode:lpm_decode_component
 14. Parameter Settings for User Entity Instance: lpm_dff0:inst10|lpm_ff:lpm_ff_component
 15. Parameter Settings for User Entity Instance: lpm_dff0:inst11|lpm_ff:lpm_ff_component
 16. Parameter Settings for User Entity Instance: lpm_dff0:inst12|lpm_ff:lpm_ff_component
 17. Parameter Settings for User Entity Instance: lpm_dff0:inst13|lpm_ff:lpm_ff_component
 18. Parameter Settings for User Entity Instance: lpm_dff0:inst1|lpm_ff:lpm_ff_component
 19. Parameter Settings for User Entity Instance: lpm_dff0:inst2|lpm_ff:lpm_ff_component
 20. Parameter Settings for User Entity Instance: lpm_dff0:inst3|lpm_ff:lpm_ff_component
 21. Parameter Settings for User Entity Instance: lpm_dff0:inst4|lpm_ff:lpm_ff_component
 22. Parameter Settings for User Entity Instance: lpm_dff0:inst5|lpm_ff:lpm_ff_component
 23. Parameter Settings for User Entity Instance: lpm_dff0:inst6|lpm_ff:lpm_ff_component
 24. Parameter Settings for User Entity Instance: lpm_dff0:inst7|lpm_ff:lpm_ff_component
 25. Parameter Settings for User Entity Instance: lpm_dff0:inst8|lpm_ff:lpm_ff_component
 26. Parameter Settings for User Entity Instance: lpm_dff0:inst9|lpm_ff:lpm_ff_component
 27. Analysis & Synthesis Messages



----------------
; Legal Notice ;
----------------
Copyright (C) 1991-2009 Altera Corporation
Your use of Altera Corporation's design tools, logic functions 
and other software and tools, and its AMPP partner logic 
functions, and any output files from any of the foregoing 
(including device programming or simulation files), and any 
associated documentation or information are expressly subject 
to the terms and conditions of the Altera Program License 
Subscription Agreement, Altera MegaCore Function License 
Agreement, or other applicable license agreement, including, 
without limitation, that your use is for the sole purpose of 
programming logic devices manufactured by Altera and sold by 
Altera or its authorized distributors.  Please refer to the 
applicable agreement for further details.



+-------------------------------------------------------------------------+
; Analysis & Synthesis Summary                                            ;
+-------------------------------+-----------------------------------------+
; Analysis & Synthesis Status   ; Successful - Tue May 07 15:49:23 2019   ;
; Quartus II Version            ; 9.1 Build 222 10/21/2009 SJ Web Edition ;
; Revision Name                 ; main                                    ;
; Top-level Entity Name         ; RON_Block                               ;
; Family                        ; Stratix II                              ;
; Logic utilization             ; N/A                                     ;
;     Combinational ALUTs       ; 64                                      ;
;     Dedicated logic registers ; 140                                     ;
; Total registers               ; 140                                     ;
; Total pins                    ; 27                                      ;
; Total virtual pins            ; 0                                       ;
; Total block memory bits       ; 0                                       ;
; DSP block 9-bit elements      ; 0                                       ;
; Total PLLs                    ; 0                                       ;
; Total DLLs                    ; 0                                       ;
+-------------------------------+-----------------------------------------+


+----------------------------------------------------------------------------------------------------------------------+
; Analysis & Synthesis Settings                                                                                        ;
+----------------------------------------------------------------------------+--------------------+--------------------+
; Option                                                                     ; Setting            ; Default Value      ;
+----------------------------------------------------------------------------+--------------------+--------------------+
; Top-level entity name                                                      ; RON_Block          ; main               ;
; Family name                                                                ; Stratix II         ; Stratix II         ;
; Use Generated Physical Constraints File                                    ; Off                ;                    ;
; Use smart compilation                                                      ; Off                ; Off                ;
; Enable parallel Assembler and TimeQuest Timing Analyzer during compilation ; On                 ; On                 ;
; Enable compact report table                                                ; Off                ; Off                ;
; Restructure Multiplexers                                                   ; Auto               ; Auto               ;
; Create Debugging Nodes for IP Cores                                        ; Off                ; Off                ;
; Preserve fewer node names                                                  ; On                 ; On                 ;
; Disable OpenCore Plus hardware evaluation                                  ; Off                ; Off                ;
; Verilog Version                                                            ; Verilog_2001       ; Verilog_2001       ;
; VHDL Version                                                               ; VHDL_1993          ; VHDL_1993          ;
; State Machine Processing                                                   ; Auto               ; Auto               ;
; Safe State Machine                                                         ; Off                ; Off                ;
; Extract Verilog State Machines                                             ; On                 ; On                 ;
; Extract VHDL State Machines                                                ; On                 ; On                 ;
; Ignore Verilog initial constructs                                          ; Off                ; Off                ;
; Iteration limit for constant Verilog loops                                 ; 5000               ; 5000               ;
; Iteration limit for non-constant Verilog loops                             ; 250                ; 250                ;
; Add Pass-Through Logic to Inferred RAMs                                    ; On                 ; On                 ;
; Parallel Synthesis                                                         ; On                 ; On                 ;
; DSP Block Balancing                                                        ; Auto               ; Auto               ;
; NOT Gate Push-Back                                                         ; On                 ; On                 ;
; Power-Up Don't Care                                                        ; On                 ; On                 ;
; Remove Redundant Logic Cells                                               ; Off                ; Off                ;
; Remove Duplicate Registers                                                 ; On                 ; On                 ;
; Ignore CARRY Buffers                                                       ; Off                ; Off                ;
; Ignore CASCADE Buffers                                                     ; Off                ; Off                ;
; Ignore GLOBAL Buffers                                                      ; Off                ; Off                ;
; Ignore ROW GLOBAL Buffers                                                  ; Off                ; Off                ;
; Ignore LCELL Buffers                                                       ; Off                ; Off                ;
; Ignore SOFT Buffers                                                        ; On                 ; On                 ;
; Limit AHDL Integers to 32 Bits                                             ; Off                ; Off                ;
; Optimization Technique                                                     ; Balanced           ; Balanced           ;
; Carry Chain Length                                                         ; 70                 ; 70                 ;
; Auto Carry Chains                                                          ; On                 ; On                 ;
; Auto Open-Drain Pins                                                       ; On                 ; On                 ;
; Perform WYSIWYG Primitive Resynthesis                                      ; Off                ; Off                ;
; Auto ROM Replacement                                                       ; On                 ; On                 ;
; Auto RAM Replacement                                                       ; On                 ; On                 ;
; Auto DSP Block Replacement                                                 ; On                 ; On                 ;
; Auto Shift Register Replacement                                            ; Auto               ; Auto               ;
; Auto Clock Enable Replacement                                              ; On                 ; On                 ;
; Strict RAM Replacement                                                     ; Off                ; Off                ;
; Allow Synchronous Control Signals                                          ; On                 ; On                 ;
; Force Use of Synchronous Clear Signals                                     ; Off                ; Off                ;
; Auto RAM Block Balancing                                                   ; On                 ; On                 ;
; Auto RAM to Logic Cell Conversion                                          ; Off                ; Off                ;
; Auto Resource Sharing                                                      ; Off                ; Off                ;
; Allow Any RAM Size For Recognition                                         ; Off                ; Off                ;
; Allow Any ROM Size For Recognition                                         ; Off                ; Off                ;
; Allow Any Shift Register Size For Recognition                              ; Off                ; Off                ;
; Use LogicLock Constraints during Resource Balancing                        ; On                 ; On                 ;
; Ignore translate_off and synthesis_off directives                          ; Off                ; Off                ;
; Timing-Driven Synthesis                                                    ; Off                ; Off                ;
; Show Parameter Settings Tables in Synthesis Report                         ; On                 ; On                 ;
; Ignore Maximum Fan-Out Assignments                                         ; Off                ; Off                ;
; Synchronization Register Chain Length                                      ; 2                  ; 2                  ;
; PowerPlay Power Optimization                                               ; Normal compilation ; Normal compilation ;
; HDL message level                                                          ; Level2             ; Level2             ;
; Suppress Register Optimization Related Messages                            ; Off                ; Off                ;
; Number of Removed Registers Reported in Synthesis Report                   ; 100                ; 100                ;
; Number of Inverted Registers Reported in Synthesis Report                  ; 100                ; 100                ;
; Clock MUX Protection                                                       ; On                 ; On                 ;
; Auto Gated Clock Conversion                                                ; Off                ; Off                ;
; Block Design Naming                                                        ; Auto               ; Auto               ;
; SDC constraint protection                                                  ; Off                ; Off                ;
; Synthesis Effort                                                           ; Auto               ; Auto               ;
; Shift Register Replacement - Allow Asynchronous Clear Signal               ; On                 ; On                 ;
; Analysis & Synthesis Message Level                                         ; Medium             ; Medium             ;
; Disable Register Merging Across Hierarchies                                ; Auto               ; Auto               ;
; Resource Aware Inference For Block RAM                                     ; On                 ; On                 ;
+----------------------------------------------------------------------------+--------------------+--------------------+


Parallel compilation was disabled, but you have multiple processors available. Enable parallel compilation to reduce compilation time.
+-------------------------------------+
; Parallel Compilation                ;
+----------------------------+--------+
; Processors                 ; Number ;
+----------------------------+--------+
; Number detected on machine ; 4      ;
; Maximum allowed            ; 1      ;
+----------------------------+--------+


+-----------------------------------------------------------------------------------------------------------------------------------------------------------+
; Analysis & Synthesis Source Files Read                                                                                                                    ;
+----------------------------------+-----------------+------------------------------------+-----------------------------------------------------------------+
; File Name with User-Entered Path ; Used in Netlist ; File Type                          ; File Name with Absolute Path                                    ;
+----------------------------------+-----------------+------------------------------------+-----------------------------------------------------------------+
; lpm_bustri0.vhd                  ; yes             ; User Wizard-Generated File         ; D:/QuartusProjects/kursach/lpm_bustri0.vhd                      ;
; lpm_dff0.vhd                     ; yes             ; User Wizard-Generated File         ; D:/QuartusProjects/kursach/lpm_dff0.vhd                         ;
; lpm_mux5.vhd                     ; yes             ; User Wizard-Generated File         ; D:/QuartusProjects/kursach/lpm_mux5.vhd                         ;
; RON_Block.bdf                    ; yes             ; User Block Diagram/Schematic File  ; D:/QuartusProjects/kursach/RON_Block.bdf                        ;
; lpm_decode4.vhd                  ; yes             ; User Wizard-Generated File         ; D:/QuartusProjects/kursach/lpm_decode4.vhd                      ;
; lpm_bustri.tdf                   ; yes             ; Megafunction                       ; d:/games/quartus/quartus/libraries/megafunctions/lpm_bustri.tdf ;
; lpm_mux.tdf                      ; yes             ; Megafunction                       ; d:/games/quartus/quartus/libraries/megafunctions/lpm_mux.tdf    ;
; db/mux_a7e.tdf                   ; yes             ; Auto-Generated Megafunction        ; D:/QuartusProjects/kursach/db/mux_a7e.tdf                       ;
; lpm_ff.tdf                       ; yes             ; Megafunction                       ; d:/games/quartus/quartus/libraries/megafunctions/lpm_ff.tdf     ;
; lpm_decode.tdf                   ; yes             ; Megafunction                       ; d:/games/quartus/quartus/libraries/megafunctions/lpm_decode.tdf ;
; db/decode_ltf.tdf                ; yes             ; Auto-Generated Megafunction        ; D:/QuartusProjects/kursach/db/decode_ltf.tdf                    ;
+----------------------------------+-----------------+------------------------------------+-----------------------------------------------------------------+


+-------------------------------------------------------+
; Analysis & Synthesis Resource Usage Summary           ;
+-----------------------------------------------+-------+
; Resource                                      ; Usage ;
+-----------------------------------------------+-------+
; Estimated ALUTs Used                          ; 64    ;
; Dedicated logic registers                     ; 140   ;
;                                               ;       ;
; Estimated ALUTs Unavailable                   ; 0     ;
;                                               ;       ;
; Total combinational functions                 ; 64    ;
; Combinational ALUT usage by number of inputs  ;       ;
;     -- 7 input functions                      ; 0     ;
;     -- 6 input functions                      ; 40    ;
;     -- 5 input functions                      ; 14    ;
;     -- 4 input functions                      ; 10    ;
;     -- <=3 input functions                    ; 0     ;
;                                               ;       ;
; Combinational ALUTs by mode                   ;       ;
;     -- normal mode                            ; 64    ;
;     -- extended LUT mode                      ; 0     ;
;     -- arithmetic mode                        ; 0     ;
;     -- shared arithmetic mode                 ; 0     ;
;                                               ;       ;
; Estimated ALUT/register pairs used            ; 198   ;
;                                               ;       ;
; Total registers                               ; 140   ;
;     -- Dedicated logic registers              ; 140   ;
;     -- I/O registers                          ; 0     ;
;                                               ;       ;
; Estimated ALMs:  partially or completely used ; 99    ;
;                                               ;       ;
; I/O pins                                      ; 27    ;
; Maximum fan-out node                          ; clk   ;
; Maximum fan-out                               ; 140   ;
; Total fan-out                                 ; 790   ;
; Average fan-out                               ; 3.42  ;
+-----------------------------------------------+-------+


+--------------------------------------------------------------------------------------------------------------------------------------------------------------------------------------------------------------------------------------------------------------------------------+
; Analysis & Synthesis Resource Utilization by Entity                                                                                                                                                                                                                            ;
+-----------------------------------------+-------------------+--------------+-------------------+--------------+---------+-----------+-----------+------+--------------+-----------------------------------------------------------------------------------------+--------------+
; Compilation Hierarchy Node              ; LC Combinationals ; LC Registers ; Block Memory Bits ; DSP Elements ; DSP 9x9 ; DSP 18x18 ; DSP 36x36 ; Pins ; Virtual Pins ; Full Hierarchy Name                                                                     ; Library Name ;
+-----------------------------------------+-------------------+--------------+-------------------+--------------+---------+-----------+-----------+------+--------------+-----------------------------------------------------------------------------------------+--------------+
; |RON_Block                              ; 64 (0)            ; 140 (0)      ; 0                 ; 0            ; 0       ; 0         ; 0         ; 27   ; 0            ; |RON_Block                                                                              ; work         ;
;    |lpm_decode4:inst19|                 ; 14 (0)            ; 0 (0)        ; 0                 ; 0            ; 0       ; 0         ; 0         ; 0    ; 0            ; |RON_Block|lpm_decode4:inst19                                                           ; work         ;
;       |lpm_decode:lpm_decode_component| ; 14 (0)            ; 0 (0)        ; 0                 ; 0            ; 0       ; 0         ; 0         ; 0    ; 0            ; |RON_Block|lpm_decode4:inst19|lpm_decode:lpm_decode_component                           ; work         ;
;          |decode_ltf:auto_generated|    ; 14 (14)           ; 0 (0)        ; 0                 ; 0            ; 0       ; 0         ; 0         ; 0    ; 0            ; |RON_Block|lpm_decode4:inst19|lpm_decode:lpm_decode_component|decode_ltf:auto_generated ;              ;
;    |lpm_dff0:inst10|                    ; 0 (0)             ; 10 (0)       ; 0                 ; 0            ; 0       ; 0         ; 0         ; 0    ; 0            ; |RON_Block|lpm_dff0:inst10                                                              ; work         ;
;       |lpm_ff:lpm_ff_component|         ; 0 (0)             ; 10 (10)      ; 0                 ; 0            ; 0       ; 0         ; 0         ; 0    ; 0            ; |RON_Block|lpm_dff0:inst10|lpm_ff:lpm_ff_component                                      ;              ;
;    |lpm_dff0:inst11|                    ; 0 (0)             ; 10 (0)       ; 0                 ; 0            ; 0       ; 0         ; 0         ; 0    ; 0            ; |RON_Block|lpm_dff0:inst11                                                              ; work         ;
;       |lpm_ff:lpm_ff_component|         ; 0 (0)             ; 10 (10)      ; 0                 ; 0            ; 0       ; 0         ; 0         ; 0    ; 0            ; |RON_Block|lpm_dff0:inst11|lpm_ff:lpm_ff_component                                      ; work         ;
;    |lpm_dff0:inst12|                    ; 0 (0)             ; 10 (0)       ; 0                 ; 0            ; 0       ; 0         ; 0         ; 0    ; 0            ; |RON_Block|lpm_dff0:inst12                                                              ; work         ;
;       |lpm_ff:lpm_ff_component|         ; 0 (0)             ; 10 (10)      ; 0                 ; 0            ; 0       ; 0         ; 0         ; 0    ; 0            ; |RON_Block|lpm_dff0:inst12|lpm_ff:lpm_ff_component                                      ; work         ;
;    |lpm_dff0:inst13|                    ; 0 (0)             ; 10 (0)       ; 0                 ; 0            ; 0       ; 0         ; 0         ; 0    ; 0            ; |RON_Block|lpm_dff0:inst13                                                              ; work         ;
;       |lpm_ff:lpm_ff_component|         ; 0 (0)             ; 10 (10)      ; 0                 ; 0            ; 0       ; 0         ; 0         ; 0    ; 0            ; |RON_Block|lpm_dff0:inst13|lpm_ff:lpm_ff_component                                      ; work         ;
;    |lpm_dff0:inst1|                     ; 0 (0)             ; 10 (0)       ; 0                 ; 0            ; 0       ; 0         ; 0         ; 0    ; 0            ; |RON_Block|lpm_dff0:inst1                                                               ; work         ;
;       |lpm_ff:lpm_ff_component|         ; 0 (0)             ; 10 (10)      ; 0                 ; 0            ; 0       ; 0         ; 0         ; 0    ; 0            ; |RON_Block|lpm_dff0:inst1|lpm_ff:lpm_ff_component                                       ; work         ;
;    |lpm_dff0:inst2|                     ; 0 (0)             ; 10 (0)       ; 0                 ; 0            ; 0       ; 0         ; 0         ; 0    ; 0            ; |RON_Block|lpm_dff0:inst2                                                               ; work         ;
;       |lpm_ff:lpm_ff_component|         ; 0 (0)             ; 10 (10)      ; 0                 ; 0            ; 0       ; 0         ; 0         ; 0    ; 0            ; |RON_Block|lpm_dff0:inst2|lpm_ff:lpm_ff_component                                       ; work         ;
;    |lpm_dff0:inst3|                     ; 0 (0)             ; 10 (0)       ; 0                 ; 0            ; 0       ; 0         ; 0         ; 0    ; 0            ; |RON_Block|lpm_dff0:inst3                                                               ; work         ;
;       |lpm_ff:lpm_ff_component|         ; 0 (0)             ; 10 (10)      ; 0                 ; 0            ; 0       ; 0         ; 0         ; 0    ; 0            ; |RON_Block|lpm_dff0:inst3|lpm_ff:lpm_ff_component                                       ; work         ;
;    |lpm_dff0:inst4|                     ; 0 (0)             ; 10 (0)       ; 0                 ; 0            ; 0       ; 0         ; 0         ; 0    ; 0            ; |RON_Block|lpm_dff0:inst4                                                               ; work         ;
;       |lpm_ff:lpm_ff_component|         ; 0 (0)             ; 10 (10)      ; 0                 ; 0            ; 0       ; 0         ; 0         ; 0    ; 0            ; |RON_Block|lpm_dff0:inst4|lpm_ff:lpm_ff_component                                       ; work         ;
;    |lpm_dff0:inst5|                     ; 0 (0)             ; 10 (0)       ; 0                 ; 0            ; 0       ; 0         ; 0         ; 0    ; 0            ; |RON_Block|lpm_dff0:inst5                                                               ; work         ;
;       |lpm_ff:lpm_ff_component|         ; 0 (0)             ; 10 (10)      ; 0                 ; 0            ; 0       ; 0         ; 0         ; 0    ; 0            ; |RON_Block|lpm_dff0:inst5|lpm_ff:lpm_ff_component                                       ; work         ;
;    |lpm_dff0:inst6|                     ; 0 (0)             ; 10 (0)       ; 0                 ; 0            ; 0       ; 0         ; 0         ; 0    ; 0            ; |RON_Block|lpm_dff0:inst6                                                               ; work         ;
;       |lpm_ff:lpm_ff_component|         ; 0 (0)             ; 10 (10)      ; 0                 ; 0            ; 0       ; 0         ; 0         ; 0    ; 0            ; |RON_Block|lpm_dff0:inst6|lpm_ff:lpm_ff_component                                       ; work         ;
;    |lpm_dff0:inst7|                     ; 0 (0)             ; 10 (0)       ; 0                 ; 0            ; 0       ; 0         ; 0         ; 0    ; 0            ; |RON_Block|lpm_dff0:inst7                                                               ; work         ;
;       |lpm_ff:lpm_ff_component|         ; 0 (0)             ; 10 (10)      ; 0                 ; 0            ; 0       ; 0         ; 0         ; 0    ; 0            ; |RON_Block|lpm_dff0:inst7|lpm_ff:lpm_ff_component                                       ; work         ;
;    |lpm_dff0:inst8|                     ; 0 (0)             ; 10 (0)       ; 0                 ; 0            ; 0       ; 0         ; 0         ; 0    ; 0            ; |RON_Block|lpm_dff0:inst8                                                               ; work         ;
;       |lpm_ff:lpm_ff_component|         ; 0 (0)             ; 10 (10)      ; 0                 ; 0            ; 0       ; 0         ; 0         ; 0    ; 0            ; |RON_Block|lpm_dff0:inst8|lpm_ff:lpm_ff_component                                       ; work         ;
;    |lpm_dff0:inst9|                     ; 0 (0)             ; 10 (0)       ; 0                 ; 0            ; 0       ; 0         ; 0         ; 0    ; 0            ; |RON_Block|lpm_dff0:inst9                                                               ; work         ;
;       |lpm_ff:lpm_ff_component|         ; 0 (0)             ; 10 (10)      ; 0                 ; 0            ; 0       ; 0         ; 0         ; 0    ; 0            ; |RON_Block|lpm_dff0:inst9|lpm_ff:lpm_ff_component                                       ; work         ;
;    |lpm_dff0:inst|                      ; 0 (0)             ; 10 (0)       ; 0                 ; 0            ; 0       ; 0         ; 0         ; 0    ; 0            ; |RON_Block|lpm_dff0:inst                                                                ; work         ;
;       |lpm_ff:lpm_ff_component|         ; 0 (0)             ; 10 (10)      ; 0                 ; 0            ; 0       ; 0         ; 0         ; 0    ; 0            ; |RON_Block|lpm_dff0:inst|lpm_ff:lpm_ff_component                                        ; work         ;
;    |lpm_mux5:inst20|                    ; 50 (0)            ; 0 (0)        ; 0                 ; 0            ; 0       ; 0         ; 0         ; 0    ; 0            ; |RON_Block|lpm_mux5:inst20                                                              ; work         ;
;       |lpm_mux:lpm_mux_component|       ; 50 (0)            ; 0 (0)        ; 0                 ; 0            ; 0       ; 0         ; 0         ; 0    ; 0            ; |RON_Block|lpm_mux5:inst20|lpm_mux:lpm_mux_component                                    ; work         ;
;          |mux_a7e:auto_generated|       ; 50 (50)           ; 0 (0)        ; 0                 ; 0            ; 0       ; 0         ; 0         ; 0    ; 0            ; |RON_Block|lpm_mux5:inst20|lpm_mux:lpm_mux_component|mux_a7e:auto_generated             ; work         ;
+-----------------------------------------+-------------------+--------------+-------------------+--------------+---------+-----------+-----------+------+--------------+-----------------------------------------------------------------------------------------+--------------+
Note: For table entries with two numbers listed, the numbers in parentheses indicate the number of resources of the given type used by the specific entity alone. The numbers listed outside of parentheses indicate the total resources of the given type used by the specific entity and all of its sub-entities in the hierarchy.


+------------------------------------------------------+
; General Register Statistics                          ;
+----------------------------------------------+-------+
; Statistic                                    ; Value ;
+----------------------------------------------+-------+
; Total registers                              ; 140   ;
; Number of registers using Synchronous Clear  ; 0     ;
; Number of registers using Synchronous Load   ; 0     ;
; Number of registers using Asynchronous Clear ; 0     ;
; Number of registers using Asynchronous Load  ; 0     ;
; Number of registers using Clock Enable       ; 140   ;
; Number of registers using Preset             ; 0     ;
+----------------------------------------------+-------+


+----------------------------------------------------------------------------------------------------------------------------------------------------------------------------------------------------------------+
; Multiplexer Restructuring Statistics (Restructuring Performed)                                                                                                                                                 ;
+--------------------+-----------+---------------+----------------------+------------------------+------------+--------------------------------------------------------------------------------------------------+
; Multiplexer Inputs ; Bus Width ; Baseline Area ; Area if Restructured ; Saving if Restructured ; Registered ; Example Multiplexer Output                                                                       ;
+--------------------+-----------+---------------+----------------------+------------------------+------------+--------------------------------------------------------------------------------------------------+
; 13:1               ; 10 bits   ; 80 ALUTs      ; 80 ALUTs             ; 0 ALUTs                ; No         ; |RON_Block|lpm_mux5:inst20|lpm_mux:lpm_mux_component|mux_a7e:auto_generated|l4_w9_n0_mux_dataout ;
+--------------------+-----------+---------------+----------------------+------------------------+------------+--------------------------------------------------------------------------------------------------+


+-------------------------------------------------------------------------------------------------+
; Parameter Settings for User Entity Instance: lpm_bustri0:inst21|lpm_bustri:lpm_bustri_component ;
+----------------+-------+------------------------------------------------------------------------+
; Parameter Name ; Value ; Type                                                                   ;
+----------------+-------+------------------------------------------------------------------------+
; LPM_WIDTH      ; 10    ; Signed Integer                                                         ;
+----------------+-------+------------------------------------------------------------------------+
Note: In order to hide this table in the UI and the text report file, please set the "Show Parameter Settings Tables in Synthesis Report" option in "Analysis and Synthesis Settings -> More Settings" to "Off".


+----------------------------------------------------------------------------------------+
; Parameter Settings for User Entity Instance: lpm_mux5:inst20|LPM_MUX:lpm_mux_component ;
+------------------------+------------+--------------------------------------------------+
; Parameter Name         ; Value      ; Type                                             ;
+------------------------+------------+--------------------------------------------------+
; AUTO_CARRY_CHAINS      ; ON         ; AUTO_CARRY                                       ;
; IGNORE_CARRY_BUFFERS   ; OFF        ; IGNORE_CARRY                                     ;
; AUTO_CASCADE_CHAINS    ; ON         ; AUTO_CASCADE                                     ;
; IGNORE_CASCADE_BUFFERS ; OFF        ; IGNORE_CASCADE                                   ;
; LPM_WIDTH              ; 10         ; Signed Integer                                   ;
; LPM_SIZE               ; 16         ; Signed Integer                                   ;
; LPM_WIDTHS             ; 4          ; Signed Integer                                   ;
; LPM_PIPELINE           ; 0          ; Signed Integer                                   ;
; CBXI_PARAMETER         ; mux_a7e    ; Untyped                                          ;
; DEVICE_FAMILY          ; Stratix II ; Untyped                                          ;
+------------------------+------------+--------------------------------------------------+
Note: In order to hide this table in the UI and the text report file, please set the "Show Parameter Settings Tables in Synthesis Report" option in "Analysis and Synthesis Settings -> More Settings" to "Off".


+------------------------------------------------------------------------------------+
; Parameter Settings for User Entity Instance: lpm_dff0:inst|lpm_ff:lpm_ff_component ;
+------------------------+------------+----------------------------------------------+
; Parameter Name         ; Value      ; Type                                         ;
+------------------------+------------+----------------------------------------------+
; LPM_WIDTH              ; 10         ; Signed Integer                               ;
; LPM_AVALUE             ; UNUSED     ; Untyped                                      ;
; LPM_SVALUE             ; UNUSED     ; Untyped                                      ;
; LPM_FFTYPE             ; DFF        ; Untyped                                      ;
; DEVICE_FAMILY          ; Stratix II ; Untyped                                      ;
; CBXI_PARAMETER         ; NOTHING    ; Untyped                                      ;
; AUTO_CARRY_CHAINS      ; ON         ; AUTO_CARRY                                   ;
; IGNORE_CARRY_BUFFERS   ; OFF        ; IGNORE_CARRY                                 ;
; AUTO_CASCADE_CHAINS    ; ON         ; AUTO_CASCADE                                 ;
; IGNORE_CASCADE_BUFFERS ; OFF        ; IGNORE_CASCADE                               ;
+------------------------+------------+----------------------------------------------+
Note: In order to hide this table in the UI and the text report file, please set the "Show Parameter Settings Tables in Synthesis Report" option in "Analysis and Synthesis Settings -> More Settings" to "Off".


+-------------------------------------------------------------------------------------------------+
; Parameter Settings for User Entity Instance: lpm_decode4:inst19|lpm_decode:lpm_decode_component ;
+------------------------+------------+-----------------------------------------------------------+
; Parameter Name         ; Value      ; Type                                                      ;
+------------------------+------------+-----------------------------------------------------------+
; LPM_WIDTH              ; 4          ; Signed Integer                                            ;
; LPM_DECODES            ; 16         ; Signed Integer                                            ;
; LPM_PIPELINE           ; 0          ; Untyped                                                   ;
; CASCADE_CHAIN          ; MANUAL     ; Untyped                                                   ;
; DEVICE_FAMILY          ; Stratix II ; Untyped                                                   ;
; CBXI_PARAMETER         ; decode_ltf ; Untyped                                                   ;
; AUTO_CARRY_CHAINS      ; ON         ; AUTO_CARRY                                                ;
; IGNORE_CARRY_BUFFERS   ; OFF        ; IGNORE_CARRY                                              ;
; AUTO_CASCADE_CHAINS    ; ON         ; AUTO_CASCADE                                              ;
; IGNORE_CASCADE_BUFFERS ; OFF        ; IGNORE_CASCADE                                            ;
+------------------------+------------+-----------------------------------------------------------+
Note: In order to hide this table in the UI and the text report file, please set the "Show Parameter Settings Tables in Synthesis Report" option in "Analysis and Synthesis Settings -> More Settings" to "Off".


+--------------------------------------------------------------------------------------+
; Parameter Settings for User Entity Instance: lpm_dff0:inst10|lpm_ff:lpm_ff_component ;
+------------------------+------------+------------------------------------------------+
; Parameter Name         ; Value      ; Type                                           ;
+------------------------+------------+------------------------------------------------+
; LPM_WIDTH              ; 10         ; Signed Integer                                 ;
; LPM_AVALUE             ; UNUSED     ; Untyped                                        ;
; LPM_SVALUE             ; UNUSED     ; Untyped                                        ;
; LPM_FFTYPE             ; DFF        ; Untyped                                        ;
; DEVICE_FAMILY          ; Stratix II ; Untyped                                        ;
; CBXI_PARAMETER         ; NOTHING    ; Untyped                                        ;
; AUTO_CARRY_CHAINS      ; ON         ; AUTO_CARRY                                     ;
; IGNORE_CARRY_BUFFERS   ; OFF        ; IGNORE_CARRY                                   ;
; AUTO_CASCADE_CHAINS    ; ON         ; AUTO_CASCADE                                   ;
; IGNORE_CASCADE_BUFFERS ; OFF        ; IGNORE_CASCADE                                 ;
+------------------------+------------+------------------------------------------------+
Note: In order to hide this table in the UI and the text report file, please set the "Show Parameter Settings Tables in Synthesis Report" option in "Analysis and Synthesis Settings -> More Settings" to "Off".


+--------------------------------------------------------------------------------------+
; Parameter Settings for User Entity Instance: lpm_dff0:inst11|lpm_ff:lpm_ff_component ;
+------------------------+------------+------------------------------------------------+
; Parameter Name         ; Value      ; Type                                           ;
+------------------------+------------+------------------------------------------------+
; LPM_WIDTH              ; 10         ; Signed Integer                                 ;
; LPM_AVALUE             ; UNUSED     ; Untyped                                        ;
; LPM_SVALUE             ; UNUSED     ; Untyped                                        ;
; LPM_FFTYPE             ; DFF        ; Untyped                                        ;
; DEVICE_FAMILY          ; Stratix II ; Untyped                                        ;
; CBXI_PARAMETER         ; NOTHING    ; Untyped                                        ;
; AUTO_CARRY_CHAINS      ; ON         ; AUTO_CARRY                                     ;
; IGNORE_CARRY_BUFFERS   ; OFF        ; IGNORE_CARRY                                   ;
; AUTO_CASCADE_CHAINS    ; ON         ; AUTO_CASCADE                                   ;
; IGNORE_CASCADE_BUFFERS ; OFF        ; IGNORE_CASCADE                                 ;
+------------------------+------------+------------------------------------------------+
Note: In order to hide this table in the UI and the text report file, please set the "Show Parameter Settings Tables in Synthesis Report" option in "Analysis and Synthesis Settings -> More Settings" to "Off".


+--------------------------------------------------------------------------------------+
; Parameter Settings for User Entity Instance: lpm_dff0:inst12|lpm_ff:lpm_ff_component ;
+------------------------+------------+------------------------------------------------+
; Parameter Name         ; Value      ; Type                                           ;
+------------------------+------------+------------------------------------------------+
; LPM_WIDTH              ; 10         ; Signed Integer                                 ;
; LPM_AVALUE             ; UNUSED     ; Untyped                                        ;
; LPM_SVALUE             ; UNUSED     ; Untyped                                        ;
; LPM_FFTYPE             ; DFF        ; Untyped                                        ;
; DEVICE_FAMILY          ; Stratix II ; Untyped                                        ;
; CBXI_PARAMETER         ; NOTHING    ; Untyped                                        ;
; AUTO_CARRY_CHAINS      ; ON         ; AUTO_CARRY                                     ;
; IGNORE_CARRY_BUFFERS   ; OFF        ; IGNORE_CARRY                                   ;
; AUTO_CASCADE_CHAINS    ; ON         ; AUTO_CASCADE                                   ;
; IGNORE_CASCADE_BUFFERS ; OFF        ; IGNORE_CASCADE                                 ;
+------------------------+------------+------------------------------------------------+
Note: In order to hide this table in the UI and the text report file, please set the "Show Parameter Settings Tables in Synthesis Report" option in "Analysis and Synthesis Settings -> More Settings" to "Off".


+--------------------------------------------------------------------------------------+
; Parameter Settings for User Entity Instance: lpm_dff0:inst13|lpm_ff:lpm_ff_component ;
+------------------------+------------+------------------------------------------------+
; Parameter Name         ; Value      ; Type                                           ;
+------------------------+------------+------------------------------------------------+
; LPM_WIDTH              ; 10         ; Signed Integer                                 ;
; LPM_AVALUE             ; UNUSED     ; Untyped                                        ;
; LPM_SVALUE             ; UNUSED     ; Untyped                                        ;
; LPM_FFTYPE             ; DFF        ; Untyped                                        ;
; DEVICE_FAMILY          ; Stratix II ; Untyped                                        ;
; CBXI_PARAMETER         ; NOTHING    ; Untyped                                        ;
; AUTO_CARRY_CHAINS      ; ON         ; AUTO_CARRY                                     ;
; IGNORE_CARRY_BUFFERS   ; OFF        ; IGNORE_CARRY                                   ;
; AUTO_CASCADE_CHAINS    ; ON         ; AUTO_CASCADE                                   ;
; IGNORE_CASCADE_BUFFERS ; OFF        ; IGNORE_CASCADE                                 ;
+------------------------+------------+------------------------------------------------+
Note: In order to hide this table in the UI and the text report file, please set the "Show Parameter Settings Tables in Synthesis Report" option in "Analysis and Synthesis Settings -> More Settings" to "Off".


+-------------------------------------------------------------------------------------+
; Parameter Settings for User Entity Instance: lpm_dff0:inst1|lpm_ff:lpm_ff_component ;
+------------------------+------------+-----------------------------------------------+
; Parameter Name         ; Value      ; Type                                          ;
+------------------------+------------+-----------------------------------------------+
; LPM_WIDTH              ; 10         ; Signed Integer                                ;
; LPM_AVALUE             ; UNUSED     ; Untyped                                       ;
; LPM_SVALUE             ; UNUSED     ; Untyped                                       ;
; LPM_FFTYPE             ; DFF        ; Untyped                                       ;
; DEVICE_FAMILY          ; Stratix II ; Untyped                                       ;
; CBXI_PARAMETER         ; NOTHING    ; Untyped                                       ;
; AUTO_CARRY_CHAINS      ; ON         ; AUTO_CARRY                                    ;
; IGNORE_CARRY_BUFFERS   ; OFF        ; IGNORE_CARRY                                  ;
; AUTO_CASCADE_CHAINS    ; ON         ; AUTO_CASCADE                                  ;
; IGNORE_CASCADE_BUFFERS ; OFF        ; IGNORE_CASCADE                                ;
+------------------------+------------+-----------------------------------------------+
Note: In order to hide this table in the UI and the text report file, please set the "Show Parameter Settings Tables in Synthesis Report" option in "Analysis and Synthesis Settings -> More Settings" to "Off".


+-------------------------------------------------------------------------------------+
; Parameter Settings for User Entity Instance: lpm_dff0:inst2|lpm_ff:lpm_ff_component ;
+------------------------+------------+-----------------------------------------------+
; Parameter Name         ; Value      ; Type                                          ;
+------------------------+------------+-----------------------------------------------+
; LPM_WIDTH              ; 10         ; Signed Integer                                ;
; LPM_AVALUE             ; UNUSED     ; Untyped                                       ;
; LPM_SVALUE             ; UNUSED     ; Untyped                                       ;
; LPM_FFTYPE             ; DFF        ; Untyped                                       ;
; DEVICE_FAMILY          ; Stratix II ; Untyped                                       ;
; CBXI_PARAMETER         ; NOTHING    ; Untyped                                       ;
; AUTO_CARRY_CHAINS      ; ON         ; AUTO_CARRY                                    ;
; IGNORE_CARRY_BUFFERS   ; OFF        ; IGNORE_CARRY                                  ;
; AUTO_CASCADE_CHAINS    ; ON         ; AUTO_CASCADE                                  ;
; IGNORE_CASCADE_BUFFERS ; OFF        ; IGNORE_CASCADE                                ;
+------------------------+------------+-----------------------------------------------+
Note: In order to hide this table in the UI and the text report file, please set the "Show Parameter Settings Tables in Synthesis Report" option in "Analysis and Synthesis Settings -> More Settings" to "Off".


+-------------------------------------------------------------------------------------+
; Parameter Settings for User Entity Instance: lpm_dff0:inst3|lpm_ff:lpm_ff_component ;
+------------------------+------------+-----------------------------------------------+
; Parameter Name         ; Value      ; Type                                          ;
+------------------------+------------+-----------------------------------------------+
; LPM_WIDTH              ; 10         ; Signed Integer                                ;
; LPM_AVALUE             ; UNUSED     ; Untyped                                       ;
; LPM_SVALUE             ; UNUSED     ; Untyped                                       ;
; LPM_FFTYPE             ; DFF        ; Untyped                                       ;
; DEVICE_FAMILY          ; Stratix II ; Untyped                                       ;
; CBXI_PARAMETER         ; NOTHING    ; Untyped                                       ;
; AUTO_CARRY_CHAINS      ; ON         ; AUTO_CARRY                                    ;
; IGNORE_CARRY_BUFFERS   ; OFF        ; IGNORE_CARRY                                  ;
; AUTO_CASCADE_CHAINS    ; ON         ; AUTO_CASCADE                                  ;
; IGNORE_CASCADE_BUFFERS ; OFF        ; IGNORE_CASCADE                                ;
+------------------------+------------+-----------------------------------------------+
Note: In order to hide this table in the UI and the text report file, please set the "Show Parameter Settings Tables in Synthesis Report" option in "Analysis and Synthesis Settings -> More Settings" to "Off".


+-------------------------------------------------------------------------------------+
; Parameter Settings for User Entity Instance: lpm_dff0:inst4|lpm_ff:lpm_ff_component ;
+------------------------+------------+-----------------------------------------------+
; Parameter Name         ; Value      ; Type                                          ;
+------------------------+------------+-----------------------------------------------+
; LPM_WIDTH              ; 10         ; Signed Integer                                ;
; LPM_AVALUE             ; UNUSED     ; Untyped                                       ;
; LPM_SVALUE             ; UNUSED     ; Untyped                                       ;
; LPM_FFTYPE             ; DFF        ; Untyped                                       ;
; DEVICE_FAMILY          ; Stratix II ; Untyped                                       ;
; CBXI_PARAMETER         ; NOTHING    ; Untyped                                       ;
; AUTO_CARRY_CHAINS      ; ON         ; AUTO_CARRY                                    ;
; IGNORE_CARRY_BUFFERS   ; OFF        ; IGNORE_CARRY                                  ;
; AUTO_CASCADE_CHAINS    ; ON         ; AUTO_CASCADE                                  ;
; IGNORE_CASCADE_BUFFERS ; OFF        ; IGNORE_CASCADE                                ;
+------------------------+------------+-----------------------------------------------+
Note: In order to hide this table in the UI and the text report file, please set the "Show Parameter Settings Tables in Synthesis Report" option in "Analysis and Synthesis Settings -> More Settings" to "Off".


+-------------------------------------------------------------------------------------+
; Parameter Settings for User Entity Instance: lpm_dff0:inst5|lpm_ff:lpm_ff_component ;
+------------------------+------------+-----------------------------------------------+
; Parameter Name         ; Value      ; Type                                          ;
+------------------------+------------+-----------------------------------------------+
; LPM_WIDTH              ; 10         ; Signed Integer                                ;
; LPM_AVALUE             ; UNUSED     ; Untyped                                       ;
; LPM_SVALUE             ; UNUSED     ; Untyped                                       ;
; LPM_FFTYPE             ; DFF        ; Untyped                                       ;
; DEVICE_FAMILY          ; Stratix II ; Untyped                                       ;
; CBXI_PARAMETER         ; NOTHING    ; Untyped                                       ;
; AUTO_CARRY_CHAINS      ; ON         ; AUTO_CARRY                                    ;
; IGNORE_CARRY_BUFFERS   ; OFF        ; IGNORE_CARRY                                  ;
; AUTO_CASCADE_CHAINS    ; ON         ; AUTO_CASCADE                                  ;
; IGNORE_CASCADE_BUFFERS ; OFF        ; IGNORE_CASCADE                                ;
+------------------------+------------+-----------------------------------------------+
Note: In order to hide this table in the UI and the text report file, please set the "Show Parameter Settings Tables in Synthesis Report" option in "Analysis and Synthesis Settings -> More Settings" to "Off".


+-------------------------------------------------------------------------------------+
; Parameter Settings for User Entity Instance: lpm_dff0:inst6|lpm_ff:lpm_ff_component ;
+------------------------+------------+-----------------------------------------------+
; Parameter Name         ; Value      ; Type                                          ;
+------------------------+------------+-----------------------------------------------+
; LPM_WIDTH              ; 10         ; Signed Integer                                ;
; LPM_AVALUE             ; UNUSED     ; Untyped                                       ;
; LPM_SVALUE             ; UNUSED     ; Untyped                                       ;
; LPM_FFTYPE             ; DFF        ; Untyped                                       ;
; DEVICE_FAMILY          ; Stratix II ; Untyped                                       ;
; CBXI_PARAMETER         ; NOTHING    ; Untyped                                       ;
; AUTO_CARRY_CHAINS      ; ON         ; AUTO_CARRY                                    ;
; IGNORE_CARRY_BUFFERS   ; OFF        ; IGNORE_CARRY                                  ;
; AUTO_CASCADE_CHAINS    ; ON         ; AUTO_CASCADE                                  ;
; IGNORE_CASCADE_BUFFERS ; OFF        ; IGNORE_CASCADE                                ;
+------------------------+------------+-----------------------------------------------+
Note: In order to hide this table in the UI and the text report file, please set the "Show Parameter Settings Tables in Synthesis Report" option in "Analysis and Synthesis Settings -> More Settings" to "Off".


+-------------------------------------------------------------------------------------+
; Parameter Settings for User Entity Instance: lpm_dff0:inst7|lpm_ff:lpm_ff_component ;
+------------------------+------------+-----------------------------------------------+
; Parameter Name         ; Value      ; Type                                          ;
+------------------------+------------+-----------------------------------------------+
; LPM_WIDTH              ; 10         ; Signed Integer                                ;
; LPM_AVALUE             ; UNUSED     ; Untyped                                       ;
; LPM_SVALUE             ; UNUSED     ; Untyped                                       ;
; LPM_FFTYPE             ; DFF        ; Untyped                                       ;
; DEVICE_FAMILY          ; Stratix II ; Untyped                                       ;
; CBXI_PARAMETER         ; NOTHING    ; Untyped                                       ;
; AUTO_CARRY_CHAINS      ; ON         ; AUTO_CARRY                                    ;
; IGNORE_CARRY_BUFFERS   ; OFF        ; IGNORE_CARRY                                  ;
; AUTO_CASCADE_CHAINS    ; ON         ; AUTO_CASCADE                                  ;
; IGNORE_CASCADE_BUFFERS ; OFF        ; IGNORE_CASCADE                                ;
+------------------------+------------+-----------------------------------------------+
Note: In order to hide this table in the UI and the text report file, please set the "Show Parameter Settings Tables in Synthesis Report" option in "Analysis and Synthesis Settings -> More Settings" to "Off".


+-------------------------------------------------------------------------------------+
; Parameter Settings for User Entity Instance: lpm_dff0:inst8|lpm_ff:lpm_ff_component ;
+------------------------+------------+-----------------------------------------------+
; Parameter Name         ; Value      ; Type                                          ;
+------------------------+------------+-----------------------------------------------+
; LPM_WIDTH              ; 10         ; Signed Integer                                ;
; LPM_AVALUE             ; UNUSED     ; Untyped                                       ;
; LPM_SVALUE             ; UNUSED     ; Untyped                                       ;
; LPM_FFTYPE             ; DFF        ; Untyped                                       ;
; DEVICE_FAMILY          ; Stratix II ; Untyped                                       ;
; CBXI_PARAMETER         ; NOTHING    ; Untyped                                       ;
; AUTO_CARRY_CHAINS      ; ON         ; AUTO_CARRY                                    ;
; IGNORE_CARRY_BUFFERS   ; OFF        ; IGNORE_CARRY                                  ;
; AUTO_CASCADE_CHAINS    ; ON         ; AUTO_CASCADE                                  ;
; IGNORE_CASCADE_BUFFERS ; OFF        ; IGNORE_CASCADE                                ;
+------------------------+------------+-----------------------------------------------+
Note: In order to hide this table in the UI and the text report file, please set the "Show Parameter Settings Tables in Synthesis Report" option in "Analysis and Synthesis Settings -> More Settings" to "Off".


+-------------------------------------------------------------------------------------+
; Parameter Settings for User Entity Instance: lpm_dff0:inst9|lpm_ff:lpm_ff_component ;
+------------------------+------------+-----------------------------------------------+
; Parameter Name         ; Value      ; Type                                          ;
+------------------------+------------+-----------------------------------------------+
; LPM_WIDTH              ; 10         ; Signed Integer                                ;
; LPM_AVALUE             ; UNUSED     ; Untyped                                       ;
; LPM_SVALUE             ; UNUSED     ; Untyped                                       ;
; LPM_FFTYPE             ; DFF        ; Untyped                                       ;
; DEVICE_FAMILY          ; Stratix II ; Untyped                                       ;
; CBXI_PARAMETER         ; NOTHING    ; Untyped                                       ;
; AUTO_CARRY_CHAINS      ; ON         ; AUTO_CARRY                                    ;
; IGNORE_CARRY_BUFFERS   ; OFF        ; IGNORE_CARRY                                  ;
; AUTO_CASCADE_CHAINS    ; ON         ; AUTO_CASCADE                                  ;
; IGNORE_CASCADE_BUFFERS ; OFF        ; IGNORE_CASCADE                                ;
+------------------------+------------+-----------------------------------------------+
Note: In order to hide this table in the UI and the text report file, please set the "Show Parameter Settings Tables in Synthesis Report" option in "Analysis and Synthesis Settings -> More Settings" to "Off".


+-------------------------------+
; Analysis & Synthesis Messages ;
+-------------------------------+
Info: *******************************************************************
Info: Running Quartus II Analysis & Synthesis
    Info: Version 9.1 Build 222 10/21/2009 SJ Web Edition
    Info: Processing started: Tue May 07 15:49:21 2019
Info: Command: quartus_map --read_settings_files=on --write_settings_files=off main -c main
Info: Found 1 design units, including 1 entities, in source file main.bdf
    Info: Found entity 1: main
Info: Found 1 design units, including 1 entities, in source file memory.bdf
    Info: Found entity 1: Memory
Info: Found 2 design units, including 1 entities, in source file lpm_ram_dq0.vhd
    Info: Found design unit 1: lpm_ram_dq0-SYN
    Info: Found entity 1: lpm_ram_dq0
Info: Found 2 design units, including 1 entities, in source file lpm_rom0.vhd
    Info: Found design unit 1: lpm_rom0-SYN
    Info: Found entity 1: lpm_rom0
Info: Found 2 design units, including 1 entities, in source file lpm_compare0.vhd
    Info: Found design unit 1: lpm_compare0-SYN
    Info: Found entity 1: lpm_compare0
Info: Found 2 design units, including 1 entities, in source file lpm_bustri0.vhd
    Info: Found design unit 1: lpm_bustri0-SYN
    Info: Found entity 1: lpm_bustri0
Info: Found 2 design units, including 1 entities, in source file lpm_mux0.vhd
    Info: Found design unit 1: lpm_mux0-SYN
    Info: Found entity 1: lpm_mux0
Info: Found 1 design units, including 1 entities, in source file command_decoder.bdf
    Info: Found entity 1: Command_decoder
Info: Found 2 design units, including 1 entities, in source file lpm_decode0.vhd
    Info: Found design unit 1: lpm_decode0-SYN
    Info: Found entity 1: lpm_decode0
Info: Found 1 design units, including 1 entities, in source file cash_decoder.bdf
    Info: Found entity 1: Cash_Decoder
Info: Found 2 design units, including 1 entities, in source file lpm_bustri1.vhd
    Info: Found design unit 1: lpm_bustri1-SYN
    Info: Found entity 1: lpm_bustri1
Info: Found 1 design units, including 1 entities, in source file cash.bdf
    Info: Found entity 1: Cash
Info: Found 1 design units, including 1 entities, in source file string_cash.bdf
    Info: Found entity 1: String_cash
Info: Found 2 design units, including 1 entities, in source file lpm_dff0.vhd
    Info: Found design unit 1: lpm_dff0-SYN
    Info: Found entity 1: lpm_dff0
Info: Found 2 design units, including 1 entities, in source file lpm_decode1.vhd
    Info: Found design unit 1: lpm_decode1-SYN
    Info: Found entity 1: lpm_decode1
Info: Found 2 design units, including 1 entities, in source file lpm_mux1.vhd
    Info: Found design unit 1: lpm_mux1-SYN
    Info: Found entity 1: lpm_mux1
Info: Found 1 design units, including 1 entities, in source file tag_and_string.bdf
    Info: Found entity 1: Tag_and_string
Info: Found 2 design units, including 1 entities, in source file lpm_constant0.vhd
    Info: Found design unit 1: lpm_constant0-SYN
    Info: Found entity 1: lpm_constant0
Info: Found 2 design units, including 1 entities, in source file lpm_dff1.vhd
    Info: Found design unit 1: lpm_dff1-SYN
    Info: Found entity 1: lpm_dff1
Info: Found 2 design units, including 1 entities, in source file lpm_dff2.vhd
    Info: Found design unit 1: lpm_dff2-SYN
    Info: Found entity 1: lpm_dff2
Info: Found 2 design units, including 1 entities, in source file lpm_constant1.vhd
    Info: Found design unit 1: lpm_constant1-SYN
    Info: Found entity 1: lpm_constant1
Info: Found 1 design units, including 1 entities, in source file test_block.bdf
    Info: Found entity 1: test_block
Info: Found 2 design units, including 1 entities, in source file lpm_counter0.vhd
    Info: Found design unit 1: lpm_counter0-SYN
    Info: Found entity 1: lpm_counter0
Info: Found 2 design units, including 1 entities, in source file lpm_dff3.vhd
    Info: Found design unit 1: lpm_dff3-SYN
    Info: Found entity 1: lpm_dff3
Info: Found 1 design units, including 1 entities, in source file one_set.bdf
    Info: Found entity 1: One_Set
Info: Found 2 design units, including 1 entities, in source file lpm_decode2.vhd
    Info: Found design unit 1: lpm_decode2-SYN
    Info: Found entity 1: lpm_decode2
Info: Found 2 design units, including 1 entities, in source file lpm_mux2.vhd
    Info: Found design unit 1: lpm_mux2-SYN
    Info: Found entity 1: lpm_mux2
Info: Found 2 design units, including 1 entities, in source file lpm_compare1.vhd
    Info: Found design unit 1: lpm_compare1-SYN
    Info: Found entity 1: lpm_compare1
Info: Found 2 design units, including 1 entities, in source file lpm_mux3.vhd
    Info: Found design unit 1: lpm_mux3-SYN
    Info: Found entity 1: lpm_mux3
Info: Found 2 design units, including 1 entities, in source file lpm_mux4.vhd
    Info: Found design unit 1: lpm_mux4-SYN
    Info: Found entity 1: lpm_mux4
Info: Found 2 design units, including 1 entities, in source file lpm_counter1.vhd
    Info: Found design unit 1: lpm_counter1-SYN
    Info: Found entity 1: lpm_counter1
Info: Found 2 design units, including 1 entities, in source file lpm_compare2.vhd
    Info: Found design unit 1: lpm_compare2-SYN
    Info: Found entity 1: lpm_compare2
Info: Found 2 design units, including 1 entities, in source file lpm_mux5.vhd
    Info: Found design unit 1: lpm_mux5-SYN
    Info: Found entity 1: lpm_mux5
Info: Found 2 design units, including 1 entities, in source file lpm_counter2.vhd
    Info: Found design unit 1: lpm_counter2-SYN
    Info: Found entity 1: lpm_counter2
Info: Found 2 design units, including 1 entities, in source file lpm_counter3.vhd
    Info: Found design unit 1: lpm_counter3-SYN
    Info: Found entity 1: lpm_counter3
Info: Found 2 design units, including 1 entities, in source file lpm_compare3.vhd
    Info: Found design unit 1: lpm_compare3-SYN
    Info: Found entity 1: lpm_compare3
Info: Found 2 design units, including 1 entities, in source file lpm_compare4.vhd
    Info: Found design unit 1: lpm_compare4-SYN
    Info: Found entity 1: lpm_compare4
Info: Found 2 design units, including 1 entities, in source file lpm_compare5.vhd
    Info: Found design unit 1: lpm_compare5-SYN
    Info: Found entity 1: lpm_compare5
Info: Found 2 design units, including 1 entities, in source file lpm_counter4.vhd
    Info: Found design unit 1: lpm_counter4-SYN
    Info: Found entity 1: lpm_counter4
Info: Found 2 design units, including 1 entities, in source file lpm_dff4.vhd
    Info: Found design unit 1: lpm_dff4-SYN
    Info: Found entity 1: lpm_dff4
Info: Found 2 design units, including 1 entities, in source file lpm_mux6.vhd
    Info: Found design unit 1: lpm_mux6-SYN
    Info: Found entity 1: lpm_mux6
Info: Found 1 design units, including 1 entities, in source file changing_flags.bdf
    Info: Found entity 1: Changing_Flags
Info: Found 2 design units, including 1 entities, in source file lpm_dff5.vhd
    Info: Found design unit 1: lpm_dff5-SYN
    Info: Found entity 1: lpm_dff5
Info: Found 2 design units, including 1 entities, in source file lpm_decode3.vhd
    Info: Found design unit 1: lpm_decode3-SYN
    Info: Found entity 1: lpm_decode3
Info: Found 2 design units, including 1 entities, in source file lpm_counter5.vhd
    Info: Found design unit 1: lpm_counter5-SYN
    Info: Found entity 1: lpm_counter5
Info: Found 2 design units, including 1 entities, in source file lpm_compare6.vhd
    Info: Found design unit 1: lpm_compare6-SYN
    Info: Found entity 1: lpm_compare6
Info: Found 2 design units, including 1 entities, in source file lpm_bustri2.vhd
    Info: Found design unit 1: lpm_bustri2-SYN
    Info: Found entity 1: lpm_bustri2
Info: Found 2 design units, including 1 entities, in source file lpm_compare7.vhd
    Info: Found design unit 1: lpm_compare7-SYN
    Info: Found entity 1: lpm_compare7
Info: Found 2 design units, including 1 entities, in source file lpm_compare8.vhd
    Info: Found design unit 1: lpm_compare8-SYN
    Info: Found entity 1: lpm_compare8
Info: Found 1 design units, including 1 entities, in source file ron_block.bdf
    Info: Found entity 1: RON_Block
Info: Found 2 design units, including 1 entities, in source file lpm_decode4.vhd
    Info: Found design unit 1: lpm_decode4-SYN
    Info: Found entity 1: lpm_decode4
Info: Elaborating entity "RON_Block" for the top level hierarchy
Info: Elaborating entity "lpm_bustri0" for hierarchy "lpm_bustri0:inst21"
Info: Elaborating entity "lpm_bustri" for hierarchy "lpm_bustri0:inst21|lpm_bustri:lpm_bustri_component"
Info: Elaborated megafunction instantiation "lpm_bustri0:inst21|lpm_bustri:lpm_bustri_component"
Info: Instantiated megafunction "lpm_bustri0:inst21|lpm_bustri:lpm_bustri_component" with the following parameter:
    Info: Parameter "lpm_type" = "LPM_BUSTRI"
    Info: Parameter "lpm_width" = "10"
Info: Elaborating entity "lpm_mux5" for hierarchy "lpm_mux5:inst20"
Info: Elaborating entity "LPM_MUX" for hierarchy "lpm_mux5:inst20|LPM_MUX:lpm_mux_component"
Info: Elaborated megafunction instantiation "lpm_mux5:inst20|LPM_MUX:lpm_mux_component"
Info: Instantiated megafunction "lpm_mux5:inst20|LPM_MUX:lpm_mux_component" with the following parameter:
    Info: Parameter "LPM_WIDTH" = "10"
    Info: Parameter "LPM_SIZE" = "16"
    Info: Parameter "LPM_WIDTHS" = "4"
    Info: Parameter "LPM_PIPELINE" = "0"
    Info: Parameter "LPM_TYPE" = "LPM_MUX"
    Info: Parameter "LPM_HINT" = "UNUSED"
Info: Found 1 design units, including 1 entities, in source file db/mux_a7e.tdf
    Info: Found entity 1: mux_a7e
Info: Elaborating entity "mux_a7e" for hierarchy "lpm_mux5:inst20|LPM_MUX:lpm_mux_component|mux_a7e:auto_generated"
Info: Elaborating entity "lpm_dff0" for hierarchy "lpm_dff0:inst"
Info: Elaborating entity "lpm_ff" for hierarchy "lpm_dff0:inst|lpm_ff:lpm_ff_component"
Info: Elaborated megafunction instantiation "lpm_dff0:inst|lpm_ff:lpm_ff_component"
Info: Instantiated megafunction "lpm_dff0:inst|lpm_ff:lpm_ff_component" with the following parameter:
    Info: Parameter "lpm_fftype" = "DFF"
    Info: Parameter "lpm_type" = "LPM_FF"
    Info: Parameter "lpm_width" = "10"
Info: Elaborating entity "lpm_decode4" for hierarchy "lpm_decode4:inst19"
Info: Elaborating entity "lpm_decode" for hierarchy "lpm_decode4:inst19|lpm_decode:lpm_decode_component"
Info: Elaborated megafunction instantiation "lpm_decode4:inst19|lpm_decode:lpm_decode_component"
Info: Instantiated megafunction "lpm_decode4:inst19|lpm_decode:lpm_decode_component" with the following parameter:
    Info: Parameter "lpm_decodes" = "16"
    Info: Parameter "lpm_type" = "LPM_DECODE"
    Info: Parameter "lpm_width" = "4"
Info: Found 1 design units, including 1 entities, in source file db/decode_ltf.tdf
    Info: Found entity 1: decode_ltf
Info: Elaborating entity "decode_ltf" for hierarchy "lpm_decode4:inst19|lpm_decode:lpm_decode_component|decode_ltf:auto_generated"
Info: Implemented 231 device resources after synthesis - the final resource count might be different
    Info: Implemented 17 input pins
    Info: Implemented 10 output pins
    Info: Implemented 204 logic cells
Info: Quartus II Analysis & Synthesis was successful. 0 errors, 0 warnings
    Info: Peak virtual memory: 269 megabytes
    Info: Processing ended: Tue May 07 15:49:23 2019
    Info: Elapsed time: 00:00:02
    Info: Total CPU time (on all processors): 00:00:04


